============================================================
  Generated by:           Genus(TM) Synthesis Solution 23.12-s086_1
  Generated on:           Oct 02 2025  01:50:10 pm
  Module:                 mac_Nbits
  Operating conditions:   PVT_0P9V_125C 
  Interconnect mode:      global
  Area mode:              physical library
============================================================


Path 1: MET (2284 ps) Setup Check with Pin AC_reg[35]/CK->SI
          Group: clock
     Startpoint: (R) AC_reg[0]/CK
          Clock: (R) clock
       Endpoint: (R) AC_reg[35]/SI
          Clock: (R) clock

                     Capture       Launch     
        Clock Edge:+   10000            0     
       Src Latency:+       0            0     
       Net Latency:+       0 (I)        0 (I) 
           Arrival:=   10000            0     
                                              
             Setup:-     246                  
     Required Time:=    9754                  
      Launch Clock:-       0                  
         Data Path:-    7470                  
             Slack:=    2284                  

#------------------------------------------------------------------------------------------------------------------
#              Timing Point                Flags    Arc   Edge   Cell     Fanout Load Trans Delay Arrival Instance 
#                                                                                (fF)  (ps)  (ps)   (ps)  Location 
#------------------------------------------------------------------------------------------------------------------
  AC_reg[0]/CK                             -       -      R     (arrival)     36    -     0     0       0    (-,-) 
  AC_reg[0]/Q                              -       CK->Q  R     SDFFRHQX1      3  8.6   191   326     326    (-,-) 
  csa_tree_ADD_TC_OP_groupi_g5232__1617/CO -       B->CO  R     ADDHX1         1  4.5   109   244     570    (-,-) 
  csa_tree_ADD_TC_OP_groupi_g5039__2883/CO -       CI->CO R     ADDFX1         1  4.5   119   266     836    (-,-) 
  csa_tree_ADD_TC_OP_groupi_g5036__9945/CO -       CI->CO R     ADDFX1         1  4.5   119   272    1108    (-,-) 
  csa_tree_ADD_TC_OP_groupi_g5035__9315/CO -       CI->CO R     ADDFX1         1  4.5   119   272    1379    (-,-) 
  csa_tree_ADD_TC_OP_groupi_g5034__6161/CO -       CI->CO R     ADDFX1         1  4.5   119   272    1651    (-,-) 
  csa_tree_ADD_TC_OP_groupi_g5024__2802/CO -       CI->CO R     ADDFX1         1  4.5   119   272    1922    (-,-) 
  csa_tree_ADD_TC_OP_groupi_g5014__5477/CO -       CI->CO R     ADDFX1         1  4.5   119   272    2194    (-,-) 
  csa_tree_ADD_TC_OP_groupi_g5001__6131/CO -       CI->CO R     ADDFX1         3  9.0   211   323    2517    (-,-) 
  g5515/Y                                  -       A1->Y  R     AO21X1         1  4.1   104   274    2791    (-,-) 
  g5514/Y                                  -       A1->Y  R     AO21X1         1  4.5   112   227    3018    (-,-) 
  csa_tree_ADD_TC_OP_groupi_g4985__6417/CO -       CI->CO R     ADDFX1         1  4.5   119   268    3286    (-,-) 
  csa_tree_ADD_TC_OP_groupi_g4941__7482/CO -       CI->CO R     ADDFX1         3  9.0   211   323    3609    (-,-) 
  g3/Y                                     -       A1->Y  R     AO21X1         1  4.1   104   274    3884    (-,-) 
  g2/Y                                     -       A1->Y  R     AO21X1         1  4.5   112   227    4110    (-,-) 
  csa_tree_ADD_TC_OP_groupi_g4924__2398/CO -       CI->CO R     ADDFX1         1  4.5   119   268    4378    (-,-) 
  csa_tree_ADD_TC_OP_groupi_g4922__6417/CO -       CI->CO R     ADDFX2         5 13.2   181   334    4712    (-,-) 
  csa_tree_ADD_TC_OP_groupi_g4917__9945/Y  -       A1->Y  R     AO21X1         4 10.5   235   333    5045    (-,-) 
  csa_tree_ADD_TC_OP_groupi_g4916__9315/Y  -       D->Y   R     AND4X1         1  4.1   124   417    5462    (-,-) 
  csa_tree_ADD_TC_OP_groupi_g4911__1881/Y  -       C->Y   R     OR3X1          3  8.6   191   216    5677    (-,-) 
  csa_tree_ADD_TC_OP_groupi_g4905__2802/Y  -       C->Y   R     AND3X1         2  6.1   150   334    6012    (-,-) 
  csa_tree_ADD_TC_OP_groupi_g4894__6417/Y  -       C->Y   R     AND3XL         1  4.1   163   297    6309    (-,-) 
  csa_tree_ADD_TC_OP_groupi_g4893__7410/Y  -       C->Y   R     OR3X1          2  6.3   144   209    6518    (-,-) 
  csa_tree_ADD_TC_OP_groupi_g4887__6161/Y  -       A->Y   R     AND2X1         2  6.1   142   241    6759    (-,-) 
  csa_tree_ADD_TC_OP_groupi_g4883__1881/Y  -       A1N->Y R     OAI2BB1X1      1  4.5   137   224    6983    (-,-) 
  csa_tree_ADD_TC_OP_groupi_g4881__7098/CO -       CI->CO R     ADDFX1         1  4.3   115   279    7262    (-,-) 
  csa_tree_ADD_TC_OP_groupi_g4880__8246/Y  -       B->Y   R     XNOR2X1        1  4.3   107   208    7470    (-,-) 
  AC_reg[35]/SI                            <<<     -      R     SDFFRHQX1      1    -     -     0    7470    (-,-) 
#------------------------------------------------------------------------------------------------------------------

