============================================================
  Generated by:           Genus(TM) Synthesis Solution 23.12-s086_1
  Generated on:           Oct 02 2025  02:06:26 pm
  Module:                 neuron_Nbits
  Operating conditions:   PVT_0P9V_125C 
  Interconnect mode:      global
  Area mode:              physical library
============================================================


Path 1: MET (2384 ps) Setup Check with Pin mac_inst_AC_reg[35]/CK->SI
          Group: clock
     Startpoint: (R) mac_inst_AC_reg[0]/CK
          Clock: (R) clock
       Endpoint: (R) mac_inst_AC_reg[35]/SI
          Clock: (R) clock

                     Capture       Launch     
        Clock Edge:+   10000            0     
       Src Latency:+       0            0     
       Net Latency:+       0 (I)        0 (I) 
           Arrival:=   10000            0     
                                              
             Setup:-     233                  
     Required Time:=    9767                  
      Launch Clock:-       0                  
         Data Path:-    7384                  
             Slack:=    2384                  

#---------------------------------------------------------------------------------------------------------------------------
#                   Timing Point                    Flags    Arc   Edge   Cell     Fanout Load Trans Delay Arrival Instance 
#                                                                                         (fF)  (ps)  (ps)   (ps)  Location 
#---------------------------------------------------------------------------------------------------------------------------
  mac_inst_AC_reg[0]/CK                             -       -      R     (arrival)     36    -     0     0       0    (-,-) 
  mac_inst_AC_reg[0]/Q                              -       CK->Q  R     SDFFRHQX1      2  4.2   100   275     275    (-,-) 
  mac_inst_csa_tree_ADD_TC_OP_groupi_g8959__2398/CO -       CI->CO R     ADDFX1         1  2.7    82   242     517    (-,-) 
  mac_inst_csa_tree_ADD_TC_OP_groupi_g8935__8428/CO -       CI->CO R     ADDFX1         1  2.7    82   232     749    (-,-) 
  mac_inst_csa_tree_ADD_TC_OP_groupi_g8920__7482/CO -       CI->CO R     ADDFX1         1  2.7    82   232     981    (-,-) 
  mac_inst_csa_tree_ADD_TC_OP_groupi_g8905__6260/CO -       CI->CO R     ADDFX1         1  2.7    82   232    1213    (-,-) 
  mac_inst_csa_tree_ADD_TC_OP_groupi_g8886__5122/CO -       CI->CO R     ADDFX1         1  2.7    82   232    1445    (-,-) 
  mac_inst_csa_tree_ADD_TC_OP_groupi_g8866__6161/CO -       CI->CO R     ADDFX1         1  2.7    82   232    1677    (-,-) 
  mac_inst_csa_tree_ADD_TC_OP_groupi_g8846__5477/CO -       CI->CO R     ADDFX1         1  2.7    82   232    1909    (-,-) 
  mac_inst_csa_tree_ADD_TC_OP_groupi_g8828__2802/CO -       CI->CO R     ADDFX1         1  2.7    82   232    2141    (-,-) 
  mac_inst_csa_tree_ADD_TC_OP_groupi_g8806__1881/CO -       CI->CO R     ADDFX1         1  2.7    82   232    2373    (-,-) 
  mac_inst_csa_tree_ADD_TC_OP_groupi_g8786__2346/CO -       CI->CO R     ADDFX1         1  2.7    82   232    2605    (-,-) 
  mac_inst_csa_tree_ADD_TC_OP_groupi_g8769__6783/CO -       CI->CO R     ADDFX1         1  2.7    82   232    2837    (-,-) 
  mac_inst_csa_tree_ADD_TC_OP_groupi_g8746__5122/CO -       CI->CO R     ADDFX1         1  2.7    82   232    3069    (-,-) 
  mac_inst_csa_tree_ADD_TC_OP_groupi_g8726__6161/CO -       CI->CO R     ADDFX1         1  2.7    82   232    3301    (-,-) 
  mac_inst_csa_tree_ADD_TC_OP_groupi_g8710__4319/CO -       CI->CO R     ADDFX1         1  2.7    82   232    3533    (-,-) 
  mac_inst_csa_tree_ADD_TC_OP_groupi_g8669__4733/CO -       CI->CO R     ADDFX1         1  2.7    82   232    3765    (-,-) 
  mac_inst_csa_tree_ADD_TC_OP_groupi_g8647__1666/CO -       CI->CO R     ADDFX1         2  4.4   117   252    4016    (-,-) 
  mac_inst_csa_tree_ADD_TC_OP_groupi_g8646__2346/Y  -       B->Y   F     NAND2X2        3  5.4   189   170    4186    (-,-) 
  mac_inst_csa_tree_ADD_TC_OP_groupi_g8575__2802/Y  -       D->Y   R     NOR4X2         2  3.8   262   236    4423    (-,-) 
  mac_inst_csa_tree_ADD_TC_OP_groupi_g8552__7482/Y  -       A1->Y  F     AOI21X1        2  3.9   273   310    4733    (-,-) 
  mac_inst_csa_tree_ADD_TC_OP_groupi_g8548__7098/Y  -       B->Y   R     NOR2X1         2  4.0   227   269    5002    (-,-) 
  g3/Y                                              -       B->Y   F     NOR2BX1        1  2.3   110   179    5181    (-,-) 
  g9227/Y                                           -       A0->Y  F     OA21X1         3  5.2   148   234    5415    (-,-) 
  g9224/Y                                           -       A0->Y  F     OA21X1         1  2.5    81   215    5631    (-,-) 
  g2/Y                                              -       A1->Y  R     OAI21X1        2  3.8   211   174    5804    (-,-) 
  mac_inst_csa_tree_ADD_TC_OP_groupi_g8538__4319/Y  -       AN->Y  R     NOR2BX1        3  5.2   264   301    6106    (-,-) 
  mac_inst_csa_tree_ADD_TC_OP_groupi_g8536__5107/Y  -       B->Y   F     NAND2X1        1  2.8   205   258    6364    (-,-) 
  mac_inst_csa_tree_ADD_TC_OP_groupi_g8533__6417/Y  -       C0->Y  R     OAI211X2       1  2.7   122   136    6500    (-,-) 
  mac_inst_csa_tree_ADD_TC_OP_groupi_g8528__9945/CO -       CI->CO R     ADDFX1         1  2.7    82   252    6752    (-,-) 
  mac_inst_csa_tree_ADD_TC_OP_groupi_g8526__6161/CO -       CI->CO R     ADDFX1         1  2.7    82   232    6984    (-,-) 
  mac_inst_csa_tree_ADD_TC_OP_groupi_g8525__4733/CO -       CI->CO R     ADDFX1         1  2.5    78   230    7214    (-,-) 
  mac_inst_csa_tree_ADD_TC_OP_groupi_g8524__7482/Y  -       B->Y   R     XNOR2X1        1  2.5    70   170    7384    (-,-) 
  mac_inst_AC_reg[35]/SI                            <<<     -      R     SDFFRHQX4      1    -     -     0    7384    (-,-) 
#---------------------------------------------------------------------------------------------------------------------------

