

Working Directory = /home/inf01185/juliana.vargas/Documents/Aceleradores/Neuron/scripts
QoS Summary for neuron_Nbits
================================================================================
Metric                          final          
================================================================================
Slack (ps):                     2,384
  R2R (ps):                     2,384
  I2R (ps):                  no_value
  R2O (ps):                  no_value
  I2O (ps):                  no_value
  CG  (ps):                  no_value
TNS (ps):                           0
  R2R (ps):                         0
  I2R (ps):                  no_value
  R2O (ps):                  no_value
  I2O (ps):                  no_value
  CG  (ps):                  no_value
Failing Paths:                      0
Cell Area:                        571
Total Cell Area:                  571
Leaf Instances:                   747
Total Instances:                  747
Utilization (%):                 0.00
Tot. Net Length (um):        no_value
Avg. Net Length (um):        no_value
Route Overflow H (%):        no_value
Route Overflow V (%):        no_value
MBCI(%) (bits/gate) :            0.00
Norm Cong Hotspot Area:
  Max Cong:                  no_value
  Tot Cong:                  no_value
================================================================================
CPU  Runtime (h:m:s):        00:01:09
Real Runtime (h:m:s):        00:00:46
CPU  Elapsed (h:m:s):        00:01:10
Real Elapsed (h:m:s):        00:00:46
Memory (MB):                  1714.90
================================================================================
================================================================================
Flow Settings:
================================================================================
Total Runtime (h:m:s): 00:00:47
Total Memory (MB):     1722.90
Executable Version:    23.12-s086_1
================================================================================
Total Cell Area =  Cell Area + Physical Cell Area
Total Instances =  Leaf Instances + Physical Instances


