============================================================
  Generated by:           Genus(TM) Synthesis Solution 23.12-s086_1
  Generated on:           Oct 02 2025  02:06:27 pm
  Module:                 neuron_Nbits
  Operating conditions:   PVT_0P9V_125C 
  Interconnect mode:      global
  Area mode:              physical library
============================================================

Timing
--------

Clock  Period 
--------------
clock 10000.0 


  Cost    Critical         Violating 
 Group   Path Slack  TNS     Paths   
-------------------------------------
clock        2383.5   0.0          0 
default    No paths   0.0            
-------------------------------------
Total                 0.0          0 

Instance Count
--------------
Leaf Instance Count             747 
Physical Instance count           0 
Sequential Instance Count        36 
Combinational Instance Count    711 
Hierarchical Instance Count       0 

Area
----
Cell Area                          570.627
Physical Cell Area                 0.000
Total Cell Area (Cell+Physical)    570.627
Net Area                           644.683
Total Area (Cell+Physical+Net)     1215.310

Runtime                            0.0 seconds
Elapsed Runtime                    48 seconds
Genus peak memory usage            1722.90 
Innovus peak memory usage          no_value 
Hostname                           cadmicro-el8-04.inf.ufrgs.br
