============================================================
  Generated by:           Genus(TM) Synthesis Solution 23.12-s086_1
  Generated on:           Oct 02 2025  02:06:26 pm
  Module:                 neuron_Nbits
  Operating conditions:   PVT_0P9V_125C 
  Interconnect mode:      global
  Area mode:              physical library
============================================================

                                Leakage   Internal  
   Gate    Instances   Area   Power (nW) Power (nW)     Library    
-------------------------------------------------------------------
ADDFX1           148  189.810     14.955  20348.808    slow_vdd1v0 
ADDHX1             1    0.941      0.097     40.099    slow_vdd1v0 
AND2X1             5    1.710      0.159     54.579    slow_vdd1v0 
AND2X4            13    8.892      1.537    620.828    slow_vdd1v0 
AND3XL             5    2.565      0.123     41.602    slow_vdd1v0 
AO22X1            90   61.560      3.795   2154.512    slow_vdd1v0 
AOI21X1            3    1.282      0.108    151.843    slow_vdd1v0 
AOI221X1          95   56.858      5.355   3929.375    slow_vdd1v0 
AOI222X1          12    9.234      0.733    539.873    slow_vdd1v0 
AOI22X1            1    0.513      0.043     25.247    slow_vdd1v0 
CLKMX2X4          10   10.260      1.348    523.301    slow_vdd1v0 
INVX1             26    4.446      0.543    158.685    slow_vdd1v0 
NAND2BX1           8    2.736      0.336    647.944    slow_vdd1v0 
NAND2X1           25    6.413      0.748    698.354    slow_vdd1v0 
NAND2X2           15    6.412      0.792    744.909    slow_vdd1v0 
NAND3BX1           5    2.565      0.282    120.805    slow_vdd1v0 
NAND3X1            2    0.855      0.091     33.484    slow_vdd1v0 
NOR2BX1           37   12.654      1.422   1139.643    slow_vdd1v0 
NOR2BX4            1    0.941      0.125     53.610    slow_vdd1v0 
NOR2X1            11    2.821      0.290    429.508    slow_vdd1v0 
NOR2X2             4    1.710      0.213    300.730    slow_vdd1v0 
NOR2XL             1    0.257      0.013      4.598    slow_vdd1v0 
NOR3BX1            1    0.513      0.052     95.251    slow_vdd1v0 
NOR3BX2            1    0.855      0.084    177.422    slow_vdd1v0 
NOR3X1             5    2.138      0.132     46.358    slow_vdd1v0 
NOR4X2             1    0.855      0.080    139.899    slow_vdd1v0 
OA21X1             8    4.104      0.324    615.798    slow_vdd1v0 
OAI211X2           1    1.026      0.094    153.802    slow_vdd1v0 
OAI21X1           20    8.550      0.736    694.834    slow_vdd1v0 
OAI2BB1X1          2    0.855      0.086    254.309    slow_vdd1v0 
OR2X1              3    1.026      0.107    189.675    slow_vdd1v0 
SDFFRHQX1         35   71.820      6.140  16100.326    slow_vdd1v0 
SDFFRHQX4          1    3.078      0.275    489.507    slow_vdd1v0 
XNOR2X1          151   90.374      9.357   7586.529    slow_vdd1v0 
-------------------------------------------------------------------
total            747  570.627     50.575  59306.048                


                                          Leakage  Leakage  Internal  Internal 
     Type      Instances   Area  Area % Power (nW) Power % Power (nW)  Power % 
-------------------------------------------------------------------------------
sequential            36  74.898   13.1      6.415    12.7  16589.833     28.0 
inverter              26   4.446    0.8      0.543     1.1    158.685      0.3 
logic                685 491.283   86.1     43.617    86.2  42557.531     71.8 
physical_cells         0   0.000    0.0      0.000     0.0      0.000      0.0 
-------------------------------------------------------------------------------
total                747 570.627  100.0     50.575   100.0  59306.048    100.0 

