============================================================
  Generated by:           Genus(TM) Synthesis Solution 23.12-s086_1
  Generated on:           Oct 02 2025  02:06:05 pm
  Module:                 neuron_Nbits
  Operating conditions:   PVT_0P9V_125C 
  Interconnect mode:      global
  Area mode:              physical library
============================================================


Path 1: MET (6478 ps) Setup Check with Pin mac_inst_AC_reg[35]/clk->d
          Group: clock
     Startpoint: (R) mac_inst_AC_reg[0]/clk
          Clock: (R) clock
       Endpoint: (R) mac_inst_AC_reg[35]/d
          Clock: (R) clock

                     Capture       Launch     
        Clock Edge:+   10000            0     
       Src Latency:+       0            0     
       Net Latency:+       0 (I)        0 (I) 
           Arrival:=   10000            0     
                                              
             Setup:-     254                  
     Required Time:=    9746                  
      Launch Clock:-       0                  
         Data Path:-    3268                  
             Slack:=    6478                  

#-----------------------------------------------------------------------------------------------------------------------------
#               Timing Point                 Flags    Arc    Edge       Cell         Fanout Load Trans Delay Arrival Instance 
#                                                                                           (fF)  (ps)  (ps)   (ps)  Location 
#-----------------------------------------------------------------------------------------------------------------------------
  mac_inst_AC_reg[0]/clk                     -       -       R     (arrival)             36    -     0     0       0    (-,-) 
  mac_inst_AC_reg[0]/q                       (u)     clk->q  F     unmapped_d_flop        3  1.5     0   315     315    (-,-) 
  mac_inst_csa_tree_ADD_TC_OP_groupi/g8378/z (u)     in_1->z R     unmapped_complex2      4  2.0     0    94     409    (-,-) 
  mac_inst_csa_tree_ADD_TC_OP_groupi/g4334/z (u)     in_0->z F     unmapped_complex2      1  0.5     0    72     481    (-,-) 
  mac_inst_csa_tree_ADD_TC_OP_groupi/g7746/z (u)     in_0->z R     unmapped_nand2         1  0.5     0    72     553    (-,-) 
  mac_inst_csa_tree_ADD_TC_OP_groupi/g7357/z (u)     in_0->z F     unmapped_nand2         4  2.0     0    94     648    (-,-) 
  mac_inst_csa_tree_ADD_TC_OP_groupi/g4336/z (u)     in_0->z F     unmapped_or2           1  0.5     0    72     720    (-,-) 
  mac_inst_csa_tree_ADD_TC_OP_groupi/g7199/z (u)     in_0->z R     unmapped_nand2         1  0.5     0    72     792    (-,-) 
  mac_inst_csa_tree_ADD_TC_OP_groupi/g6904/z (u)     in_0->z F     unmapped_nand2         3  1.5     0    88     879    (-,-) 
  mac_inst_csa_tree_ADD_TC_OP_groupi/g6788/z (u)     in_1->z R     unmapped_nand2         1  0.5     0    72     951    (-,-) 
  mac_inst_csa_tree_ADD_TC_OP_groupi/g6689/z (u)     in_0->z F     unmapped_nand2         4  2.0     0    94    1046    (-,-) 
  mac_inst_csa_tree_ADD_TC_OP_groupi/g6630/z (u)     in_0->z R     unmapped_complex2      1  0.5     0    72    1118    (-,-) 
  mac_inst_csa_tree_ADD_TC_OP_groupi/g6548/z (u)     in_0->z F     unmapped_complex2      3  1.5     0    88    1206    (-,-) 
  mac_inst_csa_tree_ADD_TC_OP_groupi/g6489/z (u)     in_1->z R     unmapped_nand2         1  0.5     0    72    1278    (-,-) 
  mac_inst_csa_tree_ADD_TC_OP_groupi/g6421/z (u)     in_1->z F     unmapped_nand2         3  1.5     0    88    1365    (-,-) 
  mac_inst_csa_tree_ADD_TC_OP_groupi/g6393/z (u)     in_0->z R     unmapped_nand2         1  0.5     0    72    1437    (-,-) 
  mac_inst_csa_tree_ADD_TC_OP_groupi/g6370/z (u)     in_0->z F     unmapped_nand2         5  2.5     0   102    1539    (-,-) 
  mac_inst_csa_tree_ADD_TC_OP_groupi/g6348/z (u)     in_0->z R     unmapped_complex2      1  0.5     0    72    1611    (-,-) 
  mac_inst_csa_tree_ADD_TC_OP_groupi/g6315/z (u)     in_1->z F     unmapped_complex2      4  2.0     0    94    1705    (-,-) 
  mac_inst_csa_tree_ADD_TC_OP_groupi/g6299/z (u)     in_0->z R     unmapped_complex2      1  0.5     0    72    1777    (-,-) 
  mac_inst_csa_tree_ADD_TC_OP_groupi/g6284/z (u)     in_0->z F     unmapped_complex2      3  1.5     0    88    1865    (-,-) 
  mac_inst_csa_tree_ADD_TC_OP_groupi/g6275/z (u)     in_1->z R     unmapped_nand2         1  0.5     0    72    1937    (-,-) 
  mac_inst_csa_tree_ADD_TC_OP_groupi/g6270/z (u)     in_1->z F     unmapped_nand2         3  1.5     0    88    2025    (-,-) 
  mac_inst_csa_tree_ADD_TC_OP_groupi/g6265/z (u)     in_0->z R     unmapped_nand2         1  0.5     0    72    2097    (-,-) 
  mac_inst_csa_tree_ADD_TC_OP_groupi/g6260/z (u)     in_1->z F     unmapped_nand2         6  3.0     0   108    2205    (-,-) 
  mac_inst_csa_tree_ADD_TC_OP_groupi/g6251/z (u)     in_0->z R     unmapped_complex2      1  0.5     0    72    2277    (-,-) 
  mac_inst_csa_tree_ADD_TC_OP_groupi/g6248/z (u)     in_0->z F     unmapped_complex2      1  0.5     0    72    2349    (-,-) 
  mac_inst_csa_tree_ADD_TC_OP_groupi/g6244/z (u)     in_0->z R     unmapped_complex2      1  0.5     0    72    2420    (-,-) 
  mac_inst_csa_tree_ADD_TC_OP_groupi/g6225/z (u)     in_1->z F     unmapped_complex2      1  0.5     0    72    2492    (-,-) 
  mac_inst_csa_tree_ADD_TC_OP_groupi/g6214/z (u)     in_0->z R     unmapped_nand2         1  0.5     0    72    2564    (-,-) 
  mac_inst_csa_tree_ADD_TC_OP_groupi/g6202/z (u)     in_1->z F     unmapped_nand2         3  1.5     0    88    2652    (-,-) 
  mac_inst_csa_tree_ADD_TC_OP_groupi/g6182/z (u)     in_1->z R     unmapped_nand2         1  0.5     0    72    2724    (-,-) 
  mac_inst_csa_tree_ADD_TC_OP_groupi/g6170/z (u)     in_1->z F     unmapped_nand2         3  1.5     0    88    2812    (-,-) 
  mac_inst_csa_tree_ADD_TC_OP_groupi/g6166/z (u)     in_0->z R     unmapped_nand2         1  0.5     0    72    2884    (-,-) 
  mac_inst_csa_tree_ADD_TC_OP_groupi/g6162/z (u)     in_1->z F     unmapped_nand2         3  1.5     0    88    2972    (-,-) 
  mac_inst_csa_tree_ADD_TC_OP_groupi/g6161/z (u)     in_1->z R     unmapped_nand2         1  0.5     0    72    3044    (-,-) 
  mac_inst_csa_tree_ADD_TC_OP_groupi/g6157/z (u)     in_0->z F     unmapped_nand2         2  1.0     0    81    3124    (-,-) 
  mac_inst_csa_tree_ADD_TC_OP_groupi/g6155/z (u)     in_0->z F     unmapped_or2           1  0.5     0    72    3196    (-,-) 
  mac_inst_csa_tree_ADD_TC_OP_groupi/g6156/z (u)     in_1->z R     unmapped_nand2         1  0.5     0    72    3268    (-,-) 
  mac_inst_AC_reg[35]/d                      <<<     -       R     unmapped_d_flop        1    -     -     0    3268    (-,-) 
#-----------------------------------------------------------------------------------------------------------------------------

(u) : Net has unmapped pin(s).

