

Working Directory = /home/inf01185/juliana.vargas/Documents/Aceleradores/MAC/genus
QoS Summary for mac_Nbits
================================================================================
Metric                          final          
================================================================================
Slack (ps):                     2,284
  R2R (ps):                     2,284
  I2R (ps):                  no_value
  R2O (ps):                  no_value
  I2O (ps):                  no_value
  CG  (ps):                  no_value
TNS (ps):                           0
  R2R (ps):                         0
  I2R (ps):                  no_value
  R2O (ps):                  no_value
  I2O (ps):                  no_value
  CG  (ps):                  no_value
Failing Paths:                      0
Cell Area:                      2,472
Total Cell Area:                2,472
Leaf Instances:                   784
Total Instances:                  784
Utilization (%):                 0.00
Tot. Net Length (um):        no_value
Avg. Net Length (um):        no_value
Route Overflow H (%):        no_value
Route Overflow V (%):        no_value
MBCI(%) (bits/gate) :            0.00
Norm Cong Hotspot Area:
  Max Cong:                  no_value
  Tot Cong:                  no_value
================================================================================
CPU  Runtime (h:m:s):        00:01:04
Real Runtime (h:m:s):        00:02:31
CPU  Elapsed (h:m:s):        00:01:06
Real Elapsed (h:m:s):        00:02:31
Memory (MB):                  1720.17
================================================================================
================================================================================
Flow Settings:
================================================================================
Total Runtime (h:m:s): 00:02:32
Total Memory (MB):     1728.18
Executable Version:    23.12-s086_1
================================================================================
Total Cell Area =  Cell Area + Physical Cell Area
Total Instances =  Leaf Instances + Physical Instances


