============================================================
  Generated by:           Genus(TM) Synthesis Solution 23.12-s086_1
  Generated on:           Oct 02 2025  01:50:11 pm
  Module:                 mac_Nbits
  Operating conditions:   PVT_0P9V_125C 
  Interconnect mode:      global
  Area mode:              physical library
============================================================

Timing
--------

Clock  Period 
--------------
clock 10000.0 


  Cost    Critical         Violating 
 Group   Path Slack  TNS     Paths   
-------------------------------------
clock        2284.4   0.0          0 
default    No paths   0.0            
-------------------------------------
Total                 0.0          0 

Instance Count
--------------
Leaf Instance Count             784 
Physical Instance count           0 
Sequential Instance Count        36 
Combinational Instance Count    748 
Hierarchical Instance Count       0 

Area
----
Cell Area                          2471.634
Physical Cell Area                 0.000
Total Cell Area (Cell+Physical)    2471.634
Net Area                           1150.369
Total Area (Cell+Physical+Net)     3622.003

Runtime                            0.0 seconds
Elapsed Runtime                    153 seconds
Genus peak memory usage            1728.18 
Innovus peak memory usage          no_value 
Hostname                           cadmicro-el8-04.inf.ufrgs.br
