============================================================
  Generated by:           Genus(TM) Synthesis Solution 23.12-s086_1
  Generated on:           Oct 02 2025  01:50:11 pm
  Module:                 mac_Nbits
  Operating conditions:   PVT_0P9V_125C 
  Interconnect mode:      global
  Area mode:              physical library
============================================================

                                 Leakage  
   Gate    Instances    Area   Power (nW)     Library    
---------------------------------------------------------
ADDFX1           163   836.190     16.638    slow_vdd1v0 
ADDFX2             1     7.866      0.146    slow_vdd1v0 
ADDHX1            15    56.430      1.397    slow_vdd1v0 
AND2X1            31    42.408      1.035    slow_vdd1v0 
AND2X4             5    13.680      0.589    slow_vdd1v0 
AND3X1             2     4.788      0.074    slow_vdd1v0 
AND3XL             1     2.052      0.025    slow_vdd1v0 
AND4X1             1     2.394      0.037    slow_vdd1v0 
AO21X1            22    52.668      0.868    slow_vdd1v0 
AO22X1           128   350.208      5.506    slow_vdd1v0 
AOI21X1            7    11.970      0.270    slow_vdd1v0 
AOI21X2            4    10.944      0.329    slow_vdd1v0 
AOI22X2            1     3.762      0.093    slow_vdd1v0 
BUFX2              6    10.260      0.323    slow_vdd1v0 
CLKINVX4          14    23.940      1.310    slow_vdd1v0 
CLKINVX6           5    11.970      0.723    slow_vdd1v0 
CLKXOR2X1          1     2.736      0.063    slow_vdd1v0 
INVX1             28    19.152      0.589    slow_vdd1v0 
INVX6              1     2.394      0.145    slow_vdd1v0 
NAND2BX1          12    16.416      0.509    slow_vdd1v0 
NAND2X1            3     3.078      0.084    slow_vdd1v0 
NAND2X4            1     3.420      0.112    slow_vdd1v0 
NOR2BX1           10    13.680      0.447    slow_vdd1v0 
NOR2BX2            1     2.736      0.079    slow_vdd1v0 
NOR2X1            10    10.260      0.260    slow_vdd1v0 
OA21X1             6    12.312      0.242    slow_vdd1v0 
OAI21X2            2     6.156      0.148    slow_vdd1v0 
OAI22X2           24    82.080      2.143    slow_vdd1v0 
OAI2BB1X1          8    13.680      0.361    slow_vdd1v0 
OAI2BB1X2          1     3.078      0.074    slow_vdd1v0 
OAI32X2            6    26.676      0.609    slow_vdd1v0 
OR2X1             31    42.408      1.092    slow_vdd1v0 
OR2X2              3     5.130      0.173    slow_vdd1v0 
OR2X6              1     3.762      0.198    slow_vdd1v0 
OR3X1              4     8.208      0.156    slow_vdd1v0 
SDFFRHQX1         36   295.488      6.315    slow_vdd1v0 
XNOR2X1          182   435.708     11.488    slow_vdd1v0 
XNOR2X2            7    21.546      0.599    slow_vdd1v0 
---------------------------------------------------------
total            784  2471.634     55.248                


                                           Leakage  Leakage 
     Type      Instances   Area   Area % Power (nW) Power % 
------------------------------------------------------------
sequential            36  295.488   12.0      6.315    11.4 
inverter              48   57.456    2.3      2.766     5.0 
buffer                 6   10.260    0.4      0.323     0.6 
logic                694 2108.430   85.3     45.844    83.0 
physical_cells         0    0.000    0.0      0.000     0.0 
------------------------------------------------------------
total                784 2471.634  100.0     55.248   100.0 

