============================================================
  Generated by:           Genus(TM) Synthesis Solution 23.12-s086_1
  Generated on:           Oct 02 2025  01:50:10 pm
  Module:                 mac_Nbits
  Operating conditions:   PVT_0P9V_125C 
  Interconnect mode:      global
  Area mode:              physical library
============================================================

                                 Leakage   Internal  
   Gate    Instances    Area   Power (nW) Power (nW)     Library    
--------------------------------------------------------------------
ADDFX1           163   836.190     16.638  16253.892    slow_vdd1v0 
ADDFX2             1     7.866      0.146    260.114    slow_vdd1v0 
ADDHX1            15    56.430      1.397    684.631    slow_vdd1v0 
AND2X1            31    42.408      1.035   1389.552    slow_vdd1v0 
AND2X4             5    13.680      0.589    229.627    slow_vdd1v0 
AND3X1             2     4.788      0.074    143.213    slow_vdd1v0 
AND3XL             1     2.052      0.025     38.173    slow_vdd1v0 
AND4X1             1     2.394      0.037     70.060    slow_vdd1v0 
AO21X1            22    52.668      0.868   1166.586    slow_vdd1v0 
AO22X1           128   350.208      5.506   3360.244    slow_vdd1v0 
AOI21X1            7    11.970      0.270    387.176    slow_vdd1v0 
AOI21X2            4    10.944      0.329    386.331    slow_vdd1v0 
AOI22X2            1     3.762      0.093     45.678    slow_vdd1v0 
BUFX2              6    10.260      0.323    559.198    slow_vdd1v0 
CLKINVX4          14    23.940      1.310    274.805    slow_vdd1v0 
CLKINVX6           5    11.970      0.723    136.696    slow_vdd1v0 
CLKXOR2X1          1     2.736      0.063     40.906    slow_vdd1v0 
INVX1             28    19.152      0.589    221.816    slow_vdd1v0 
INVX6              1     2.394      0.145     26.817    slow_vdd1v0 
NAND2BX1          12    16.416      0.509    778.604    slow_vdd1v0 
NAND2X1            3     3.078      0.084     53.763    slow_vdd1v0 
NAND2X4            1     3.420      0.112    123.622    slow_vdd1v0 
NOR2BX1           10    13.680      0.447    748.736    slow_vdd1v0 
NOR2BX2            1     2.736      0.079    141.387    slow_vdd1v0 
NOR2X1            10    10.260      0.260     85.909    slow_vdd1v0 
OA21X1             6    12.312      0.242    285.125    slow_vdd1v0 
OAI21X2            2     6.156      0.148    157.824    slow_vdd1v0 
OAI22X2           24    82.080      2.143   1292.780    slow_vdd1v0 
OAI2BB1X1          8    13.680      0.361    503.426    slow_vdd1v0 
OAI2BB1X2          1     3.078      0.074     73.626    slow_vdd1v0 
OAI32X2            6    26.676      0.609    318.081    slow_vdd1v0 
OR2X1             31    42.408      1.092   1315.536    slow_vdd1v0 
OR2X2              3     5.130      0.173    155.519    slow_vdd1v0 
OR2X6              1     3.762      0.198     78.421    slow_vdd1v0 
OR3X1              4     8.208      0.156    172.408    slow_vdd1v0 
SDFFRHQX1         36   295.488      6.315  16482.664    slow_vdd1v0 
XNOR2X1          182   435.708     11.488   5498.026    slow_vdd1v0 
XNOR2X2            7    21.546      0.599    226.797    slow_vdd1v0 
--------------------------------------------------------------------
total            784  2471.634     55.248  54167.771                


                                           Leakage  Leakage  Internal  Internal 
     Type      Instances   Area   Area % Power (nW) Power % Power (nW)  Power % 
--------------------------------------------------------------------------------
sequential            36  295.488   12.0      6.315    11.4  16482.664     30.4 
inverter              48   57.456    2.3      2.766     5.0    660.135      1.2 
buffer                 6   10.260    0.4      0.323     0.6    559.198      1.0 
logic                694 2108.430   85.3     45.844    83.0  36465.774     67.3 
physical_cells         0    0.000    0.0      0.000     0.0      0.000      0.0 
--------------------------------------------------------------------------------
total                784 2471.634  100.0     55.248   100.0  54167.771    100.0 

