============================================================
  Generated by:           Genus(TM) Synthesis Solution 23.12-s086_1
  Generated on:           Oct 02 2025  01:49:51 pm
  Module:                 mac_Nbits
  Operating conditions:   PVT_0P9V_125C 
  Interconnect mode:      global
  Area mode:              physical library
============================================================


Path 1: MET (5604 ps) Setup Check with Pin AC_reg[35]/clk->d
          Group: clock
     Startpoint: (R) AC_reg[0]/clk
          Clock: (R) clock
       Endpoint: (R) AC_reg[35]/d
          Clock: (R) clock

                     Capture       Launch     
        Clock Edge:+   10000            0     
       Src Latency:+       0            0     
       Net Latency:+       0 (I)        0 (I) 
           Arrival:=   10000            0     
                                              
             Setup:-     259                  
     Required Time:=    9741                  
      Launch Clock:-       0                  
         Data Path:-    4138                  
             Slack:=    5604                  

#--------------------------------------------------------------------------------------------------------------------
#           Timing Point            Flags    Arc    Edge       Cell         Fanout Load Trans Delay Arrival Instance 
#                                                                                  (fF)  (ps)  (ps)   (ps)  Location 
#--------------------------------------------------------------------------------------------------------------------
  AC_reg[0]/clk                     -       -       R     (arrival)             36    -     0     0       0    (-,-) 
  AC_reg[0]/q                       (u)     clk->q  F     unmapped_d_flop        4  5.4     0   327     327    (-,-) 
  csa_tree_ADD_TC_OP_groupi/g8273/z (u)     in_1->z R     unmapped_complex2      4  2.0     0   109     436    (-,-) 
  csa_tree_ADD_TC_OP_groupi/g4347/z (u)     in_0->z F     unmapped_complex2      1  0.5     0    79     515    (-,-) 
  csa_tree_ADD_TC_OP_groupi/g7639/z (u)     in_0->z R     unmapped_nand2         1  0.5     0    79     593    (-,-) 
  csa_tree_ADD_TC_OP_groupi/g7529/z (u)     in_0->z F     unmapped_nand2         4  2.0     0   109     702    (-,-) 
  csa_tree_ADD_TC_OP_groupi/g4345/z (u)     in_0->z F     unmapped_or2           1  0.5     0    79     781    (-,-) 
  csa_tree_ADD_TC_OP_groupi/g7120/z (u)     in_0->z R     unmapped_nand2         1  0.5     0    79     860    (-,-) 
  csa_tree_ADD_TC_OP_groupi/g6909/z (u)     in_0->z F     unmapped_nand2         3  1.5     0   100     960    (-,-) 
  csa_tree_ADD_TC_OP_groupi/g6862/z (u)     in_1->z R     unmapped_nand2         1  0.5     0    79    1038    (-,-) 
  csa_tree_ADD_TC_OP_groupi/g6664/z (u)     in_0->z F     unmapped_nand2         3  1.5     0   100    1138    (-,-) 
  csa_tree_ADD_TC_OP_groupi/g6640/z (u)     in_1->z R     unmapped_nand2         1  0.5     0    79    1217    (-,-) 
  csa_tree_ADD_TC_OP_groupi/g6546/z (u)     in_0->z F     unmapped_nand2         3  1.5     0   100    1317    (-,-) 
  csa_tree_ADD_TC_OP_groupi/g6505/z (u)     in_1->z R     unmapped_nand2         1  0.5     0    79    1395    (-,-) 
  csa_tree_ADD_TC_OP_groupi/g6445/z (u)     in_0->z F     unmapped_nand2         3  1.5     0   100    1495    (-,-) 
  csa_tree_ADD_TC_OP_groupi/g6406/z (u)     in_1->z R     unmapped_nand2         1  0.5     0    79    1574    (-,-) 
  csa_tree_ADD_TC_OP_groupi/g6362/z (u)     in_0->z F     unmapped_nand2         3  1.5     0   100    1674    (-,-) 
  csa_tree_ADD_TC_OP_groupi/g6357/z (u)     in_1->z R     unmapped_nand2         1  0.5     0    79    1752    (-,-) 
  csa_tree_ADD_TC_OP_groupi/g6336/z (u)     in_0->z F     unmapped_nand2         4  2.0     0   109    1861    (-,-) 
  csa_tree_ADD_TC_OP_groupi/g6335/z (u)     in_0->z R     unmapped_complex2      1  0.5     0    79    1940    (-,-) 
  csa_tree_ADD_TC_OP_groupi/g6313/z (u)     in_0->z F     unmapped_complex2      3  1.5     0   100    2040    (-,-) 
  csa_tree_ADD_TC_OP_groupi/g6304/z (u)     in_1->z R     unmapped_nand2         1  0.5     0    79    2119    (-,-) 
  csa_tree_ADD_TC_OP_groupi/g6300/z (u)     in_1->z F     unmapped_nand2         3  1.5     0   100    2218    (-,-) 
  csa_tree_ADD_TC_OP_groupi/g6293/z (u)     in_0->z R     unmapped_nand2         1  0.5     0    79    2297    (-,-) 
  csa_tree_ADD_TC_OP_groupi/g6289/z (u)     in_0->z F     unmapped_nand2         4  2.0     0   109    2406    (-,-) 
  csa_tree_ADD_TC_OP_groupi/g6286/z (u)     in_0->z R     unmapped_complex2      1  0.5     0    79    2485    (-,-) 
  csa_tree_ADD_TC_OP_groupi/g6277/z (u)     in_0->z F     unmapped_complex2      3  1.5     0   100    2585    (-,-) 
  csa_tree_ADD_TC_OP_groupi/g6269/z (u)     in_1->z R     unmapped_nand2         1  0.5     0    79    2663    (-,-) 
  csa_tree_ADD_TC_OP_groupi/g6267/z (u)     in_1->z F     unmapped_nand2         3  1.5     0   100    2763    (-,-) 
  csa_tree_ADD_TC_OP_groupi/g6263/z (u)     in_0->z R     unmapped_nand2         1  0.5     0    79    2842    (-,-) 
  csa_tree_ADD_TC_OP_groupi/g6262/z (u)     in_0->z F     unmapped_nand2         6  3.0     0   120    2962    (-,-) 
  csa_tree_ADD_TC_OP_groupi/g6257/z (u)     in_0->z R     unmapped_complex2      1  0.5     0    79    3041    (-,-) 
  csa_tree_ADD_TC_OP_groupi/g6253/z (u)     in_0->z F     unmapped_complex2      1  0.5     0    79    3119    (-,-) 
  csa_tree_ADD_TC_OP_groupi/g6238/z (u)     in_0->z R     unmapped_complex2      1  0.5     0    79    3198    (-,-) 
  csa_tree_ADD_TC_OP_groupi/g6225/z (u)     in_0->z F     unmapped_complex2      1  0.5     0    79    3277    (-,-) 
  csa_tree_ADD_TC_OP_groupi/g6216/z (u)     in_0->z R     unmapped_nand2         1  0.5     0    79    3356    (-,-) 
  csa_tree_ADD_TC_OP_groupi/g6207/z (u)     in_1->z F     unmapped_nand2         3  1.5     0   100    3455    (-,-) 
  csa_tree_ADD_TC_OP_groupi/g6192/z (u)     in_1->z R     unmapped_nand2         1  0.5     0    79    3534    (-,-) 
  csa_tree_ADD_TC_OP_groupi/g6179/z (u)     in_1->z F     unmapped_nand2         3  1.5     0   100    3634    (-,-) 
  csa_tree_ADD_TC_OP_groupi/g6172/z (u)     in_0->z R     unmapped_nand2         1  0.5     0    79    3712    (-,-) 
  csa_tree_ADD_TC_OP_groupi/g6168/z (u)     in_1->z F     unmapped_nand2         3  1.5     0   100    3812    (-,-) 
  csa_tree_ADD_TC_OP_groupi/g6164/z (u)     in_1->z R     unmapped_nand2         1  0.5     0    79    3891    (-,-) 
  csa_tree_ADD_TC_OP_groupi/g6163/z (u)     in_0->z F     unmapped_nand2         2  1.0     0    89    3980    (-,-) 
  csa_tree_ADD_TC_OP_groupi/g6161/z (u)     in_0->z F     unmapped_or2           1  0.5     0    79    4059    (-,-) 
  csa_tree_ADD_TC_OP_groupi/g6162/z (u)     in_1->z R     unmapped_nand2         1  0.5     0    79    4138    (-,-) 
  AC_reg[35]/d                      <<<     -       R     unmapped_d_flop        1    -     -     0    4138    (-,-) 
#--------------------------------------------------------------------------------------------------------------------

(u) : Net has unmapped pin(s).

