============================================================
  Generated by:           Genus(TM) Synthesis Solution 23.12-s086_1
  Generated on:           Oct 02 2025  01:50:09 pm
  Module:                 mac_Nbits
  Operating conditions:   PVT_0P9V_125C 
  Interconnect mode:      global
  Area mode:              physical library
============================================================


Path 1: MET (2556 ps) Setup Check with Pin AC_reg[35]/CK->SI
          Group: clock
     Startpoint: (R) AC_reg[0]/CK
          Clock: (R) clock
       Endpoint: (R) AC_reg[35]/SI
          Clock: (R) clock

                     Capture       Launch     
        Clock Edge:+   10000            0     
       Src Latency:+       0            0     
       Net Latency:+       0 (I)        0 (I) 
           Arrival:=   10000            0     
                                              
             Setup:-     246                  
     Required Time:=    9754                  
      Launch Clock:-       0                  
         Data Path:-    7198                  
             Slack:=    2556                  

#------------------------------------------------------------------------------------------------------------------
#              Timing Point                Flags    Arc   Edge   Cell     Fanout Load Trans Delay Arrival Instance 
#                                                                                (fF)  (ps)  (ps)   (ps)  Location 
#------------------------------------------------------------------------------------------------------------------
  AC_reg[0]/CK                             -       -      R     (arrival)     36    -     0     0       0    (-,-) 
  AC_reg[0]/Q                              -       CK->Q  F     SDFFRHQX1      2  6.2   165   282     282    (-,-) 
  drc_bufs86/Y                             -       A->Y   F     BUFX2          2  6.2    95   180     461    (-,-) 
  csa_tree_ADD_TC_OP_groupi_g5232__1617/CO -       B->CO  F     ADDHX1         1  4.4   123   150     611    (-,-) 
  csa_tree_ADD_TC_OP_groupi_g5039__2883/CO -       CI->CO F     ADDFX1         1  4.4   136   262     873    (-,-) 
  csa_tree_ADD_TC_OP_groupi_g5036__9945/CO -       CI->CO F     ADDFX1         1  4.4   136   268    1140    (-,-) 
  csa_tree_ADD_TC_OP_groupi_g5035__9315/CO -       CI->CO F     ADDFX1         1  4.4   136   268    1408    (-,-) 
  csa_tree_ADD_TC_OP_groupi_g5034__6161/CO -       CI->CO F     ADDFX1         1  4.4   136   268    1676    (-,-) 
  csa_tree_ADD_TC_OP_groupi_g5024__2802/CO -       CI->CO F     ADDFX1         1  4.4   136   268    1943    (-,-) 
  csa_tree_ADD_TC_OP_groupi_g5014__5477/CO -       CI->CO F     ADDFX1         1  4.4   136   268    2211    (-,-) 
  csa_tree_ADD_TC_OP_groupi_g5001__6131/CO -       CI->CO F     ADDFX1         3  8.9   247   328    2539    (-,-) 
  csa_tree_ADD_TC_OP_groupi_g4992__5526/Y  -       A1N->Y F     OAI2BB1X1      1  4.4   280   304    2842    (-,-) 
  csa_tree_ADD_TC_OP_groupi_g4985__6417/CO -       CI->CO F     ADDFX1         1  4.4   137   335    3178    (-,-) 
  csa_tree_ADD_TC_OP_groupi_g4941__7482/CO -       CI->CO F     ADDFX1         3  8.9   247   328    3506    (-,-) 
  csa_tree_ADD_TC_OP_groupi_g4934__1705/Y  -       A1N->Y F     OAI2BB1X1      1  4.4   280   304    3810    (-,-) 
  csa_tree_ADD_TC_OP_groupi_g4924__2398/CO -       CI->CO F     ADDFX1         1  4.4   137   335    4145    (-,-) 
  csa_tree_ADD_TC_OP_groupi_g4922__6417/CO -       CI->CO F     ADDFX2         5 13.1   207   329    4474    (-,-) 
  csa_tree_ADD_TC_OP_groupi_g4917__9945/Y  -       A1->Y  F     AO21X1         4 10.5   278   338    4812    (-,-) 
  csa_tree_ADD_TC_OP_groupi_g4916__9315/Y  -       D->Y   F     AND4X1         1  4.1   117   249    5061    (-,-) 
  csa_tree_ADD_TC_OP_groupi_g4911__1881/Y  -       C->Y   F     OR3X1          3  8.6   235   301    5362    (-,-) 
  csa_tree_ADD_TC_OP_groupi_g4905__2802/Y  -       C->Y   F     AND3X1         2  6.1   166   246    5608    (-,-) 
  csa_tree_ADD_TC_OP_groupi_g4894__6417/Y  -       C->Y   F     AND3XL         1  4.1   204   225    5833    (-,-) 
  csa_tree_ADD_TC_OP_groupi_g4893__7410/Y  -       C->Y   F     OR3X1          2  6.3   179   306    6140    (-,-) 
  csa_tree_ADD_TC_OP_groupi_g4887__6161/Y  -       A->Y   F     AND2X1         2  6.1   165   211    6351    (-,-) 
  csa_tree_ADD_TC_OP_groupi_g4883__1881/Y  -       A1N->Y F     OAI2BB1X1      1  4.4   274   267    6618    (-,-) 
  csa_tree_ADD_TC_OP_groupi_g4881__7098/CO -       CI->CO F     ADDFX1         1  4.3   134   331    6950    (-,-) 
  csa_tree_ADD_TC_OP_groupi_g4880__8246/Y  -       B->Y   R     XNOR2X1        1  4.3   107   248    7198    (-,-) 
  AC_reg[35]/SI                            <<<     -      R     SDFFRHQX1      1    -     -     0    7198    (-,-) 
#------------------------------------------------------------------------------------------------------------------

