============================================================
  Generated by:           Genus(TM) Synthesis Solution 23.12-s086_1
  Generated on:           Sep 22 2025  11:09:18 am
  Module:                 mac_Nbits
  Operating conditions:   PVT_0P9V_125C (balanced_tree)
  Wireload mode:          enclosed
  Area mode:              timing library
============================================================


Path 1: MET (4699 ps) Setup Check with Pin AC_reg[35]/clk->d
          Group: clock
     Startpoint: (R) AC_reg[1]/clk
          Clock: (R) clock
       Endpoint: (R) AC_reg[35]/d
          Clock: (R) clock

                     Capture       Launch     
        Clock Edge:+   10000            0     
       Src Latency:+       0            0     
       Net Latency:+       0 (I)        0 (I) 
           Arrival:=   10000            0     
                                              
             Setup:-     241                  
     Required Time:=    9759                  
      Launch Clock:-       0                  
         Data Path:-    5060                  
             Slack:=    4699                  

#--------------------------------------------------------------------------------------------------
#  Timing Point   Flags    Arc    Edge       Cell         Fanout Load Trans Delay Arrival Instance 
#                                                                (fF)  (ps)  (ps)   (ps)  Location 
#--------------------------------------------------------------------------------------------------
  AC_reg[1]/clk   -       -       R     (arrival)             36    -     0     0       0    (-,-) 
  AC_reg[1]/q     (u)     clk->q  R     unmapped_d_flop        4  2.1     0   300     300    (-,-) 
  rca_inst/g525/z (u)     in_1->z F     unmapped_complex2      1  0.5     0    60     359    (-,-) 
  rca_inst/g526/z (u)     in_1->z R     unmapped_nand2         3  2.1     0    73     432    (-,-) 
  rca_inst/g383/z (u)     in_1->z F     unmapped_complex2      1  0.5     0    60     492    (-,-) 
  rca_inst/g379/z (u)     in_1->z R     unmapped_nand2         3  2.1     0    73     565    (-,-) 
  rca_inst/g375/z (u)     in_1->z F     unmapped_nand2         1  0.5     0    60     625    (-,-) 
  rca_inst/g374/z (u)     in_1->z R     unmapped_nand2         3  2.1     0    73     698    (-,-) 
  rca_inst/g370/z (u)     in_1->z F     unmapped_nand2         1  0.5     0    60     758    (-,-) 
  rca_inst/g369/z (u)     in_1->z R     unmapped_nand2         3  2.1     0    73     831    (-,-) 
  rca_inst/g368/z (u)     in_1->z F     unmapped_nand2         1  0.5     0    60     890    (-,-) 
  rca_inst/g364/z (u)     in_1->z R     unmapped_nand2         3  2.1     0    73     964    (-,-) 
  rca_inst/g360/z (u)     in_1->z F     unmapped_nand2         1  0.5     0    60    1023    (-,-) 
  rca_inst/g359/z (u)     in_1->z R     unmapped_nand2         3  2.1     0    73    1096    (-,-) 
  rca_inst/g358/z (u)     in_1->z F     unmapped_nand2         1  0.5     0    60    1156    (-,-) 
  rca_inst/g354/z (u)     in_1->z R     unmapped_nand2         3  2.1     0    73    1229    (-,-) 
  rca_inst/g353/z (u)     in_1->z F     unmapped_nand2         1  0.5     0    60    1289    (-,-) 
  rca_inst/g349/z (u)     in_1->z R     unmapped_nand2         3  2.1     0    73    1362    (-,-) 
  rca_inst/g345/z (u)     in_1->z F     unmapped_nand2         1  0.5     0    60    1422    (-,-) 
  rca_inst/g344/z (u)     in_1->z R     unmapped_nand2         3  2.1     0    73    1495    (-,-) 
  rca_inst/g343/z (u)     in_1->z F     unmapped_nand2         1  0.5     0    60    1554    (-,-) 
  rca_inst/g339/z (u)     in_1->z R     unmapped_nand2         3  2.1     0    73    1628    (-,-) 
  rca_inst/g335/z (u)     in_1->z F     unmapped_nand2         1  0.5     0    60    1687    (-,-) 
  rca_inst/g334/z (u)     in_1->z R     unmapped_nand2         3  2.1     0    73    1760    (-,-) 
  rca_inst/g333/z (u)     in_1->z F     unmapped_nand2         1  0.5     0    60    1820    (-,-) 
  rca_inst/g329/z (u)     in_1->z R     unmapped_nand2         3  2.1     0    73    1893    (-,-) 
  rca_inst/g328/z (u)     in_1->z F     unmapped_nand2         1  0.5     0    60    1953    (-,-) 
  rca_inst/g324/z (u)     in_1->z R     unmapped_nand2         3  2.1     0    73    2026    (-,-) 
  rca_inst/g323/z (u)     in_1->z F     unmapped_nand2         1  0.5     0    60    2086    (-,-) 
  rca_inst/g319/z (u)     in_1->z R     unmapped_nand2         3  2.1     0    73    2159    (-,-) 
  rca_inst/g318/z (u)     in_1->z F     unmapped_nand2         1  0.5     0    60    2218    (-,-) 
  rca_inst/g314/z (u)     in_1->z R     unmapped_nand2         3  2.1     0    73    2292    (-,-) 
  rca_inst/g310/z (u)     in_1->z F     unmapped_nand2         1  0.5     0    60    2351    (-,-) 
  rca_inst/g309/z (u)     in_1->z R     unmapped_nand2         3  2.1     0    73    2424    (-,-) 
  rca_inst/g305/z (u)     in_1->z F     unmapped_nand2         1  0.5     0    60    2484    (-,-) 
  rca_inst/g304/z (u)     in_1->z R     unmapped_nand2         3  2.1     0    73    2557    (-,-) 
  rca_inst/g303/z (u)     in_1->z F     unmapped_nand2         1  0.5     0    60    2617    (-,-) 
  rca_inst/g299/z (u)     in_1->z R     unmapped_nand2         3  2.1     0    73    2690    (-,-) 
  rca_inst/g295/z (u)     in_1->z F     unmapped_nand2         1  0.5     0    60    2750    (-,-) 
  rca_inst/g294/z (u)     in_1->z R     unmapped_nand2         3  2.1     0    73    2823    (-,-) 
  rca_inst/g290/z (u)     in_1->z F     unmapped_nand2         1  0.5     0    60    2882    (-,-) 
  rca_inst/g289/z (u)     in_1->z R     unmapped_nand2         3  2.1     0    73    2956    (-,-) 
  rca_inst/g288/z (u)     in_1->z F     unmapped_nand2         1  0.5     0    60    3015    (-,-) 
  rca_inst/g284/z (u)     in_1->z R     unmapped_nand2         3  2.1     0    73    3088    (-,-) 
  rca_inst/g280/z (u)     in_1->z F     unmapped_nand2         1  0.5     0    60    3148    (-,-) 
  rca_inst/g279/z (u)     in_1->z R     unmapped_nand2         3  2.1     0    73    3221    (-,-) 
  rca_inst/g278/z (u)     in_1->z F     unmapped_nand2         1  0.5     0    60    3281    (-,-) 
  rca_inst/g274/z (u)     in_1->z R     unmapped_nand2         3  2.1     0    73    3354    (-,-) 
  rca_inst/g273/z (u)     in_1->z F     unmapped_nand2         1  0.5     0    60    3414    (-,-) 
  rca_inst/g269/z (u)     in_1->z R     unmapped_nand2         3  2.1     0    73    3487    (-,-) 
  rca_inst/g268/z (u)     in_1->z F     unmapped_nand2         1  0.5     0    60    3546    (-,-) 
  rca_inst/g264/z (u)     in_1->z R     unmapped_nand2         3  2.1     0    73    3620    (-,-) 
  rca_inst/g263/z (u)     in_1->z F     unmapped_nand2         1  0.5     0    60    3679    (-,-) 
  rca_inst/g259/z (u)     in_1->z R     unmapped_nand2         3  2.1     0    73    3752    (-,-) 
  rca_inst/g258/z (u)     in_1->z F     unmapped_nand2         1  0.5     0    60    3812    (-,-) 
  rca_inst/g254/z (u)     in_1->z R     unmapped_nand2         3  2.1     0    73    3885    (-,-) 
  rca_inst/g250/z (u)     in_1->z F     unmapped_nand2         1  0.5     0    60    3945    (-,-) 
  rca_inst/g249/z (u)     in_1->z R     unmapped_nand2         3  2.1     0    73    4018    (-,-) 
  rca_inst/g248/z (u)     in_1->z F     unmapped_nand2         1  0.5     0    60    4078    (-,-) 
  rca_inst/g244/z (u)     in_1->z R     unmapped_nand2         3  2.1     0    73    4151    (-,-) 
  rca_inst/g240/z (u)     in_1->z F     unmapped_nand2         1  0.5     0    60    4210    (-,-) 
  rca_inst/g239/z (u)     in_1->z R     unmapped_nand2         3  2.1     0    73    4284    (-,-) 
  rca_inst/g238/z (u)     in_1->z F     unmapped_nand2         1  0.5     0    60    4343    (-,-) 
  rca_inst/g234/z (u)     in_1->z R     unmapped_nand2         3  2.1     0    73    4416    (-,-) 
  rca_inst/g233/z (u)     in_1->z F     unmapped_nand2         1  0.5     0    60    4476    (-,-) 
  rca_inst/g229/z (u)     in_1->z R     unmapped_nand2         3  2.1     0    73    4549    (-,-) 
  rca_inst/g225/z (u)     in_1->z F     unmapped_nand2         1  0.5     0    60    4609    (-,-) 
  rca_inst/g224/z (u)     in_1->z R     unmapped_nand2         3  2.1     0    73    4682    (-,-) 
  rca_inst/g223/z (u)     in_1->z F     unmapped_nand2         1  0.5     0    60    4742    (-,-) 
  rca_inst/g219/z (u)     in_1->z R     unmapped_nand2         3  2.1     0    73    4815    (-,-) 
  rca_inst/g218/z (u)     in_1->z F     unmapped_nand2         1  0.5     0    60    4874    (-,-) 
  rca_inst/g214/z (u)     in_1->z R     unmapped_nand2         2  1.4     0    67    4941    (-,-) 
  rca_inst/g212/z (u)     in_0->z F     unmapped_complex2      1  0.5     0    60    5001    (-,-) 
  rca_inst/g213/z (u)     in_1->z R     unmapped_nand2         1  0.7     0    60    5060    (-,-) 
  AC_reg[35]/d    <<<     -       R     unmapped_d_flop        1    -     -     0    5060    (-,-) 
#--------------------------------------------------------------------------------------------------

(u) : Net has unmapped pin(s).

