============================================================
  Generated by:           Genus(TM) Synthesis Solution 23.12-s086_1
  Generated on:           Sep 22 2025  11:09:22 am
  Module:                 mac_Nbits
  Operating conditions:   PVT_0P9V_125C (balanced_tree)
  Wireload mode:          enclosed
  Area mode:              timing library
============================================================


Path 1: MET (2824 ps) Setup Check with Pin AC_reg[35]/CK->SI
          Group: clock
     Startpoint: (R) AC_reg[0]/CK
          Clock: (R) clock
       Endpoint: (R) AC_reg[35]/SI
          Clock: (R) clock

                     Capture       Launch     
        Clock Edge:+   10000            0     
       Src Latency:+       0            0     
       Net Latency:+       0 (I)        0 (I) 
           Arrival:=   10000            0     
                                              
             Setup:-     204                  
     Required Time:=    9796                  
      Launch Clock:-       0                  
         Data Path:-    6972                  
             Slack:=    2824                  

#-------------------------------------------------------------------------------------------------
#      Timing Point       Flags    Arc   Edge   Cell     Fanout Load Trans Delay Arrival Instance 
#                                                               (fF)  (ps)  (ps)   (ps)  Location 
#-------------------------------------------------------------------------------------------------
  AC_reg[0]/CK            -       -      R     (arrival)     36    -     0     0       0    (-,-) 
  AC_reg[0]/Q             -       CK->Q  R     SDFFRHQX1      4  0.8    31   236     236    (-,-) 
  rca_inst/g2386__2802/Y  -       B->Y   R     AND2XL         2  1.0    49   118     354    (-,-) 
  rca_inst/g2384__3680/CO -       CI->CO R     ADDFX1         1  0.6    39   191     545    (-,-) 
  rca_inst/g2383__6783/CO -       CI->CO R     ADDFX1         1  0.6    39   186     731    (-,-) 
  rca_inst/g2382__5526/CO -       CI->CO R     ADDFX1         1  0.6    39   186     917    (-,-) 
  rca_inst/g2381__8428/CO -       CI->CO R     ADDFX1         1  0.6    39   186    1103    (-,-) 
  rca_inst/g2380__4319/CO -       CI->CO R     ADDFX1         1  0.6    39   186    1289    (-,-) 
  rca_inst/g2379__6260/CO -       CI->CO R     ADDFX1         1  0.6    39   186    1475    (-,-) 
  rca_inst/g2378__5107/CO -       CI->CO R     ADDFX1         1  0.6    39   186    1661    (-,-) 
  rca_inst/g2377__2398/CO -       CI->CO R     ADDFX1         1  0.6    39   186    1847    (-,-) 
  rca_inst/g2376__5477/CO -       CI->CO R     ADDFX1         1  0.6    39   186    2033    (-,-) 
  rca_inst/g2375__6417/CO -       CI->CO R     ADDFX1         1  0.6    39   186    2219    (-,-) 
  rca_inst/g2374__7410/CO -       CI->CO R     ADDFX1         1  0.6    39   186    2405    (-,-) 
  rca_inst/g2373__1666/CO -       CI->CO R     ADDFX1         1  0.6    39   186    2591    (-,-) 
  rca_inst/g2372__2346/CO -       CI->CO R     ADDFX1         1  0.6    39   186    2777    (-,-) 
  rca_inst/g2371__2883/CO -       CI->CO R     ADDFX1         1  0.6    39   186    2963    (-,-) 
  rca_inst/g2370__9945/CO -       CI->CO R     ADDFX1         1  0.6    39   186    3149    (-,-) 
  rca_inst/g2369__9315/CO -       CI->CO R     ADDFX1         1  0.6    39   186    3335    (-,-) 
  rca_inst/g2368__6161/CO -       CI->CO R     ADDFX1         1  0.6    39   186    3521    (-,-) 
  rca_inst/g2367__4733/CO -       CI->CO R     ADDFX1         1  0.6    39   186    3707    (-,-) 
  rca_inst/g2366__7482/CO -       CI->CO R     ADDFX1         1  0.6    39   186    3893    (-,-) 
  rca_inst/g2365__5115/CO -       CI->CO R     ADDFX1         1  0.6    39   186    4079    (-,-) 
  rca_inst/g2364__1881/CO -       CI->CO R     ADDFX1         1  0.6    39   186    4265    (-,-) 
  rca_inst/g2363__6131/CO -       CI->CO R     ADDFX1         1  0.6    39   186    4451    (-,-) 
  rca_inst/g2362__7098/CO -       CI->CO R     ADDFX1         1  0.6    39   186    4637    (-,-) 
  rca_inst/g2361__8246/CO -       CI->CO R     ADDFX1         1  0.6    39   186    4823    (-,-) 
  rca_inst/g2360__5122/CO -       CI->CO R     ADDFX1         1  0.6    39   186    5009    (-,-) 
  rca_inst/g2359__1705/CO -       CI->CO R     ADDFX1         1  0.6    39   186    5195    (-,-) 
  rca_inst/g2358__2802/CO -       CI->CO R     ADDFX1         1  0.6    39   186    5381    (-,-) 
  rca_inst/g2357__1617/CO -       CI->CO R     ADDFX1         1  0.6    39   186    5567    (-,-) 
  rca_inst/g2356__3680/CO -       CI->CO R     ADDFX1         1  0.6    39   186    5753    (-,-) 
  rca_inst/g2355__6783/CO -       CI->CO R     ADDFX1         1  0.6    39   186    5939    (-,-) 
  rca_inst/g2354__5526/CO -       CI->CO R     ADDFX1         1  0.6    39   186    6125    (-,-) 
  rca_inst/g2353__8428/CO -       CI->CO R     ADDFX1         1  0.6    39   186    6311    (-,-) 
  rca_inst/g2352__4319/CO -       CI->CO R     ADDFX1         1  0.6    39   186    6497    (-,-) 
  rca_inst/g2351__6260/CO -       CI->CO R     ADDFX1         1  0.4    35   184    6681    (-,-) 
  rca_inst/g2350__5107/Y  -       B->Y   F     XNOR2X1        1  0.4    28   129    6810    (-,-) 
  rca_inst/g2349__2398/Y  -       B->Y   R     XNOR2X1        1  0.4    26   162    6972    (-,-) 
  AC_reg[35]/SI           <<<     -      R     SDFFRHQX1      1    -     -     0    6972    (-,-) 
#-------------------------------------------------------------------------------------------------

